<?xml version="1.0" encoding="UTF-8"?>
<!-- Generated by org.testng.reporters.JUnitReportReporter -->
<testsuite hostname="DESKTOP-56QICGD" failures="0" tests="1" name="testng.WorkingWithTakingScreenshot" time="7.110" errors="0" timestamp="2025-06-05T12:01:39 IST" skipped="0">
  <testcase classname="testng.WorkingWithTakingScreenshot" name="takeSS" time="7.110"/>
</testsuite> <!-- testng.WorkingWithTakingScreenshot -->
