<?xml version="1.0" encoding="UTF-8"?>
<!-- Generated by org.testng.reporters.JUnitReportReporter -->
<testsuite hostname="DESKTOP-56QICGD" failures="0" tests="1" name="crm.testcasesaftergenericutilityandpom.CreateContactTest" time="9.063" errors="0" timestamp="2025-06-02T09:07:50 IST" skipped="0">
  <testcase classname="crm.testcasesaftergenericutilityandpom.CreateContactTest" name="createContactWithMandatoryFields" time="9.063"/>
</testsuite> <!-- crm.testcasesaftergenericutilityandpom.CreateContactTest -->
