<?xml version="1.0" encoding="UTF-8"?>
<!-- Generated by org.testng.reporters.JUnitReportReporter -->
<testsuite hostname="DESKTOP-56QICGD" failures="0" tests="2" name="testng.ConfigAnnoations" time="0.014" errors="0" timestamp="2025-05-29T08:54:48 IST" skipped="0">
  <testcase classname="testng.ConfigAnnoations" name="test" time="0.010"/>
  <testcase classname="testng.ConfigAnnoations" name="test1" time="0.004"/>
</testsuite> <!-- testng.ConfigAnnoations -->
