<?xml version="1.0" encoding="UTF-8"?>
<!-- Generated by org.testng.reporters.JUnitReportReporter -->
<testsuite hostname="DESKTOP-56QICGD" failures="0" tests="1" name="practice.CreateCampaignTest" time="4.117" errors="0" timestamp="2025-05-31T12:42:25 IST" skipped="0">
  <testcase classname="practice.CreateCampaignTest" name="createCampaignWithMandatoryFieldsTest" time="4.117"/>
</testsuite> <!-- practice.CreateCampaignTest -->
