<?xml version="1.0" encoding="UTF-8"?>
<!-- Generated by org.testng.reporters.JUnitReportReporter -->
<testsuite hostname="DESKTOP-56QICGD" failures="0" tests="1" name="crm.testcasesaftergenericutilityandpom.CreateCampaignTest" time="7.496" errors="0" timestamp="2025-06-02T09:08:58 IST" skipped="0">
  <testcase classname="crm.testcasesaftergenericutilityandpom.CreateCampaignTest" name="CreateCampaignWithExpectedCloseDateTest" time="7.496"/>
</testsuite> <!-- crm.testcasesaftergenericutilityandpom.CreateCampaignTest -->
