<?xml version="1.0" encoding="UTF-8"?>
<!-- Generated by org.testng.reporters.JUnitReportReporter -->
<testsuite hostname="DESKTOP-56QICGD" failures="0" tests="1" name="ff_batch.WorkingWithLocators" time="2.624" errors="0" timestamp="2025-06-05T07:51:40 IST" skipped="0">
  <testcase classname="ff_batch.WorkingWithLocators" name="demo" time="2.624"/>
</testsuite> <!-- ff_batch.WorkingWithLocators -->
