<?xml version="1.0" encoding="UTF-8"?>
<!-- Generated by org.testng.reporters.JUnitReportReporter -->
<testsuite hostname="DESKTOP-56QICGD" failures="0" tests="1" name="Demo.Test1" time="0.009" errors="0" timestamp="2025-06-08T12:55:41 IST" skipped="0">
  <testcase classname="Demo.Test1" name="trainer" time="0.009"/>
</testsuite> <!-- Demo.Test1 -->
