<?xml version="1.0" encoding="UTF-8"?>
<!-- Generated by org.testng.reporters.JUnitReportReporter -->
<testsuite hostname="DESKTOP-56QICGD" failures="0" tests="4" name="testng.DataProviderDemo" time="15.975" errors="0" timestamp="2025-06-04T15:37:39 IST" skipped="0">
  <testcase classname="testng.DataProviderDemo" name="login" time="4.566"/>
  <testcase classname="testng.DataProviderDemo" name="login" time="3.892"/>
  <testcase classname="testng.DataProviderDemo" name="login" time="3.794"/>
  <testcase classname="testng.DataProviderDemo" name="login" time="3.723"/>
</testsuite> <!-- testng.DataProviderDemo -->
