<?xml version="1.0" encoding="UTF-8"?>
<!-- Generated by org.testng.reporters.JUnitReportReporter -->
<testsuite hostname="DESKTOP-56QICGD" failures="0" tests="1" name="Demo.Test2" time="0.002" errors="0" timestamp="2025-06-03T07:20:03 IST" skipped="0">
  <testcase classname="Demo.Test2" name="students" time="0.002"/>
</testsuite> <!-- Demo.Test2 -->
