<?xml version="1.0" encoding="UTF-8"?>
<!-- Generated by org.testng.reporters.JUnitReportReporter -->
<testsuite hostname="DESKTOP-56QICGD" failures="0" tests="4" name="testng.Demo" time="4.377" errors="0" timestamp="2025-05-29T10:43:59 IST" skipped="0">
  <testcase classname="testng.Demo" name="system" time="0.015">
    <system-out>
      <![CDATA[lkjhgfdsa]]>
    </system-out>
  </testcase> <!-- system -->
  <testcase classname="testng.Demo" name="students" time="1.416">
    <system-out>
      <![CDATA[students]]>
    </system-out>
  </testcase> <!-- students -->
  <testcase classname="testng.Demo" name="advancedSelenium" time="2.768">
    <system-out>
      <![CDATA[advancedSelenium]]>
    </system-out>
  </testcase> <!-- advancedSelenium -->
  <testcase classname="testng.Demo" name="test" time="0.178">
    <system-out>
      <![CDATA[test]]>
    </system-out>
  </testcase> <!-- test -->
  <system-out>
    <![CDATA[lkjhgfdsa
students
advancedSelenium
test]]>
  </system-out>
</testsuite> <!-- testng.Demo -->
